\BOOKMARK [0][-]{chapter.1}{\376\377\0001\000\040\000D\000a\000t\000a\000\040\000S\000t\000r\000u\000c\000t\000u\000r\000e\000\040\000I\000n\000d\000e\000x}{}% 1
\BOOKMARK [1][-]{section.1.1}{\376\377\0001\000.\0001\000\040\000D\000a\000t\000a\000\040\000S\000t\000r\000u\000c\000t\000u\000r\000e\000s}{chapter.1}% 2
\BOOKMARK [0][-]{chapter.2}{\376\377\0002\000\040\000F\000i\000l\000e\000\040\000I\000n\000d\000e\000x}{}% 3
\BOOKMARK [1][-]{section.2.1}{\376\377\0002\000.\0001\000\040\000F\000i\000l\000e\000\040\000L\000i\000s\000t}{chapter.2}% 4
\BOOKMARK [0][-]{chapter.3}{\376\377\0003\000\040\000D\000a\000t\000a\000\040\000S\000t\000r\000u\000c\000t\000u\000r\000e\000\040\000D\000o\000c\000u\000m\000e\000n\000t\000a\000t\000i\000o\000n}{}% 5
\BOOKMARK [1][-]{section.3.1}{\376\377\0003\000.\0001\000\040\000E\000s\000q\000u\000e\000m\000a\000\040\000S\000t\000r\000u\000c\000t\000\040\000R\000e\000f\000e\000r\000e\000n\000c\000e}{chapter.3}% 6
\BOOKMARK [2][-]{subsection.3.1.1}{\376\377\0003\000.\0001\000.\0001\000\040\000D\000e\000t\000a\000i\000l\000e\000d\000\040\000D\000e\000s\000c\000r\000i\000p\000t\000i\000o\000n}{section.3.1}% 7
\BOOKMARK [1][-]{section.3.2}{\376\377\0003\000.\0002\000\040\000M\000e\000i\000o\000\040\000S\000t\000r\000u\000c\000t\000\040\000R\000e\000f\000e\000r\000e\000n\000c\000e}{chapter.3}% 8
\BOOKMARK [2][-]{subsection.3.2.1}{\376\377\0003\000.\0002\000.\0001\000\040\000D\000e\000t\000a\000i\000l\000e\000d\000\040\000D\000e\000s\000c\000r\000i\000p\000t\000i\000o\000n}{section.3.2}% 9
\BOOKMARK [1][-]{section.3.3}{\376\377\0003\000.\0003\000\040\000P\000e\000d\000i\000d\000o\000\040\000S\000t\000r\000u\000c\000t\000\040\000R\000e\000f\000e\000r\000e\000n\000c\000e}{chapter.3}% 10
\BOOKMARK [2][-]{subsection.3.3.1}{\376\377\0003\000.\0003\000.\0001\000\040\000D\000e\000t\000a\000i\000l\000e\000d\000\040\000D\000e\000s\000c\000r\000i\000p\000t\000i\000o\000n}{section.3.3}% 11
\BOOKMARK [1][-]{section.3.4}{\376\377\0003\000.\0004\000\040\000P\000e\000d\000i\000d\000o\000s\000\040\000S\000t\000r\000u\000c\000t\000\040\000R\000e\000f\000e\000r\000e\000n\000c\000e}{chapter.3}% 12
\BOOKMARK [2][-]{subsection.3.4.1}{\376\377\0003\000.\0004\000.\0001\000\040\000D\000e\000t\000a\000i\000l\000e\000d\000\040\000D\000e\000s\000c\000r\000i\000p\000t\000i\000o\000n}{section.3.4}% 13
\BOOKMARK [0][-]{chapter.4}{\376\377\0004\000\040\000F\000i\000l\000e\000\040\000D\000o\000c\000u\000m\000e\000n\000t\000a\000t\000i\000o\000n}{}% 14
\BOOKMARK [1][-]{section.4.1}{\376\377\0004\000.\0001\000\040\000E\000s\000t\000r\000u\000t\000u\000r\000a\000s\000.\000h\000\040\000F\000i\000l\000e\000\040\000R\000e\000f\000e\000r\000e\000n\000c\000e}{chapter.4}% 15
\BOOKMARK [2][-]{subsection.4.1.1}{\376\377\0004\000.\0001\000.\0001\000\040\000D\000e\000t\000a\000i\000l\000e\000d\000\040\000D\000e\000s\000c\000r\000i\000p\000t\000i\000o\000n}{section.4.1}% 16
\BOOKMARK [1][-]{section.4.2}{\376\377\0004\000.\0002\000\040\000E\000s\000t\000r\000u\000t\000u\000r\000a\000s\000.\000h}{chapter.4}% 17
\BOOKMARK [1][-]{section.4.3}{\376\377\0004\000.\0003\000\040\000F\000u\000n\000c\000o\000e\000s\000.\000c\000\040\000F\000i\000l\000e\000\040\000R\000e\000f\000e\000r\000e\000n\000c\000e}{chapter.4}% 18
\BOOKMARK [2][-]{subsection.4.3.1}{\376\377\0004\000.\0003\000.\0001\000\040\000D\000e\000t\000a\000i\000l\000e\000d\000\040\000D\000e\000s\000c\000r\000i\000p\000t\000i\000o\000n}{section.4.3}% 19
\BOOKMARK [2][-]{subsection.4.3.2}{\376\377\0004\000.\0003\000.\0002\000\040\000F\000u\000n\000c\000t\000i\000o\000n\000\040\000D\000o\000c\000u\000m\000e\000n\000t\000a\000t\000i\000o\000n}{section.4.3}% 20
\BOOKMARK [3][-]{subsubsection.4.3.2.1}{\376\377\0004\000.\0003\000.\0002\000.\0001\000\040\000b\000u\000s\000c\000a\000M\000e\000i\000o\000\050\000\051}{subsection.4.3.2}% 21
\BOOKMARK [3][-]{subsubsection.4.3.2.2}{\376\377\0004\000.\0003\000.\0002\000.\0002\000\040\000c\000r\000i\000a\000r\000M\000e\000i\000o\000\050\000\051}{subsection.4.3.2}% 22
\BOOKMARK [3][-]{subsubsection.4.3.2.3}{\376\377\0004\000.\0003\000.\0002\000.\0003\000\040\000c\000r\000i\000a\000r\000P\000e\000d\000i\000d\000o\000\050\000\051}{subsection.4.3.2}% 23
\BOOKMARK [3][-]{subsubsection.4.3.2.4}{\376\377\0004\000.\0003\000.\0002\000.\0004\000\040\000c\000u\000s\000t\000o\000P\000e\000d\000i\000d\000o\000\050\000\051}{subsection.4.3.2}% 24
\BOOKMARK [3][-]{subsubsection.4.3.2.5}{\376\377\0004\000.\0003\000.\0002\000.\0005\000\040\000d\000i\000s\000t\000r\000i\000b\000u\000i\000r\000M\000e\000i\000o\000s\000\050\000\051}{subsection.4.3.2}% 25
\BOOKMARK [3][-]{subsubsection.4.3.2.6}{\376\377\0004\000.\0003\000.\0002\000.\0006\000\040\000e\000x\000i\000s\000t\000e\000M\000e\000i\000o\000\050\000\051}{subsection.4.3.2}% 26
\BOOKMARK [3][-]{subsubsection.4.3.2.7}{\376\377\0004\000.\0003\000.\0002\000.\0007\000\040\000e\000x\000i\000s\000t\000e\000P\000e\000d\000i\000d\000o\000\050\000\051}{subsection.4.3.2}% 27
\BOOKMARK [3][-]{subsubsection.4.3.2.8}{\376\377\0004\000.\0003\000.\0002\000.\0008\000\040\000g\000u\000a\000r\000d\000a\000r\000M\000e\000i\000o\000s\000\050\000\051}{subsection.4.3.2}% 28
\BOOKMARK [3][-]{subsubsection.4.3.2.9}{\376\377\0004\000.\0003\000.\0002\000.\0009\000\040\000g\000u\000a\000r\000d\000a\000r\000P\000e\000d\000i\000d\000o\000s\000\050\000\051}{subsection.4.3.2}% 29
\BOOKMARK [3][-]{subsubsection.4.3.2.10}{\376\377\0004\000.\0003\000.\0002\000.\0001\0000\000\040\000i\000n\000s\000e\000r\000t\000M\000e\000i\000o\000\050\000\051}{subsection.4.3.2}% 30
\BOOKMARK [3][-]{subsubsection.4.3.2.11}{\376\377\0004\000.\0003\000.\0002\000.\0001\0001\000\040\000i\000n\000s\000e\000r\000t\000P\000e\000d\000i\000d\000o\000\050\000\051}{subsection.4.3.2}% 31
\BOOKMARK [3][-]{subsubsection.4.3.2.12}{\376\377\0004\000.\0003\000.\0002\000.\0001\0002\000\040\000i\000n\000t\000e\000r\000f\000a\000c\000e\000P\000r\000i\000n\000c\000i\000p\000a\000l\000\050\000\051}{subsection.4.3.2}% 32
\BOOKMARK [3][-]{subsubsection.4.3.2.13}{\376\377\0004\000.\0003\000.\0002\000.\0001\0003\000\040\000l\000e\000r\000M\000e\000i\000o\000s\000\050\000\051}{subsection.4.3.2}% 33
\BOOKMARK [3][-]{subsubsection.4.3.2.14}{\376\377\0004\000.\0003\000.\0002\000.\0001\0004\000\040\000l\000e\000r\000P\000e\000d\000i\000d\000o\000s\000\050\000\051}{subsection.4.3.2}% 34
\BOOKMARK [3][-]{subsubsection.4.3.2.15}{\376\377\0004\000.\0003\000.\0002\000.\0001\0005\000\040\000l\000i\000s\000t\000a\000r\000P\000l\000a\000n\000o\000M\000e\000i\000o\000\050\000\051}{subsection.4.3.2}% 35
\BOOKMARK [3][-]{subsubsection.4.3.2.16}{\376\377\0004\000.\0003\000.\0002\000.\0001\0006\000\040\000m\000e\000n\000u\000M\000e\000i\000o\000\050\000\051}{subsection.4.3.2}% 36
\BOOKMARK [3][-]{subsubsection.4.3.2.17}{\376\377\0004\000.\0003\000.\0002\000.\0001\0007\000\040\000m\000e\000n\000u\000P\000e\000d\000i\000d\000o\000\050\000\051}{subsection.4.3.2}% 37
\BOOKMARK [3][-]{subsubsection.4.3.2.18}{\376\377\0004\000.\0003\000.\0002\000.\0001\0008\000\040\000m\000e\000n\000u\000P\000r\000i\000n\000c\000i\000p\000a\000l\000\050\000\051}{subsection.4.3.2}% 38
\BOOKMARK [3][-]{subsubsection.4.3.2.19}{\376\377\0004\000.\0003\000.\0002\000.\0001\0009\000\040\000m\000o\000s\000t\000r\000a\000M\000e\000i\000o\000\050\000\051}{subsection.4.3.2}% 39
\BOOKMARK [3][-]{subsubsection.4.3.2.20}{\376\377\0004\000.\0003\000.\0002\000.\0002\0000\000\040\000m\000o\000s\000t\000r\000a\000M\000e\000i\000o\000s\000\050\000\051}{subsection.4.3.2}% 40
\BOOKMARK [3][-]{subsubsection.4.3.2.21}{\376\377\0004\000.\0003\000.\0002\000.\0002\0001\000\040\000m\000o\000s\000t\000r\000a\000P\000e\000d\000i\000d\000o\000\050\000\051}{subsection.4.3.2}% 41
\BOOKMARK [3][-]{subsubsection.4.3.2.22}{\376\377\0004\000.\0003\000.\0002\000.\0002\0002\000\040\000m\000o\000s\000t\000r\000a\000P\000e\000d\000i\000d\000o\000s\000\050\000\051}{subsection.4.3.2}% 42
\BOOKMARK [3][-]{subsubsection.4.3.2.23}{\376\377\0004\000.\0003\000.\0002\000.\0002\0003\000\040\000p\000r\000o\000c\000u\000r\000a\000V\000e\000i\000c\000u\000l\000o\000S\000u\000f\000i\000c\000i\000e\000n\000t\000e\000\050\000\051}{subsection.4.3.2}% 43
\BOOKMARK [3][-]{subsubsection.4.3.2.24}{\376\377\0004\000.\0003\000.\0002\000.\0002\0004\000\040\000r\000e\000m\000o\000v\000e\000r\000M\000e\000i\000o\000\050\000\051}{subsection.4.3.2}% 44
\BOOKMARK [3][-]{subsubsection.4.3.2.25}{\376\377\0004\000.\0003\000.\0002\000.\0002\0005\000\040\000r\000e\000m\000o\000v\000e\000r\000P\000e\000d\000i\000d\000o\000\050\000\051}{subsection.4.3.2}% 45
\BOOKMARK [3][-]{subsubsection.4.3.2.26}{\376\377\0004\000.\0003\000.\0002\000.\0002\0006\000\040\000v\000e\000r\000i\000f\000i\000c\000a\000A\000u\000t\000o\000n\000o\000m\000i\000a\000\050\000\051}{subsection.4.3.2}% 46
\BOOKMARK [1][-]{section.4.4}{\376\377\0004\000.\0004\000\040\000F\000u\000n\000c\000o\000e\000s\000.\000h\000\040\000F\000i\000l\000e\000\040\000R\000e\000f\000e\000r\000e\000n\000c\000e}{chapter.4}% 47
\BOOKMARK [2][-]{subsection.4.4.1}{\376\377\0004\000.\0004\000.\0001\000\040\000D\000e\000t\000a\000i\000l\000e\000d\000\040\000D\000e\000s\000c\000r\000i\000p\000t\000i\000o\000n}{section.4.4}% 48
\BOOKMARK [2][-]{subsection.4.4.2}{\376\377\0004\000.\0004\000.\0002\000\040\000F\000u\000n\000c\000t\000i\000o\000n\000\040\000D\000o\000c\000u\000m\000e\000n\000t\000a\000t\000i\000o\000n}{section.4.4}% 49
\BOOKMARK [3][-]{subsubsection.4.4.2.1}{\376\377\0004\000.\0004\000.\0002\000.\0001\000\040\000c\000r\000i\000a\000r\000M\000e\000i\000o\000\050\000\051}{subsection.4.4.2}% 50
\BOOKMARK [3][-]{subsubsection.4.4.2.2}{\376\377\0004\000.\0004\000.\0002\000.\0002\000\040\000c\000r\000i\000a\000r\000P\000e\000d\000i\000d\000o\000\050\000\051}{subsection.4.4.2}% 51
\BOOKMARK [3][-]{subsubsection.4.4.2.3}{\376\377\0004\000.\0004\000.\0002\000.\0003\000\040\000c\000u\000s\000t\000o\000P\000e\000d\000i\000d\000o\000\050\000\051}{subsection.4.4.2}% 52
\BOOKMARK [3][-]{subsubsection.4.4.2.4}{\376\377\0004\000.\0004\000.\0002\000.\0004\000\040\000d\000i\000s\000t\000r\000i\000b\000u\000i\000r\000M\000e\000i\000o\000s\000\050\000\051}{subsection.4.4.2}% 53
\BOOKMARK [3][-]{subsubsection.4.4.2.5}{\376\377\0004\000.\0004\000.\0002\000.\0005\000\040\000e\000x\000i\000s\000t\000e\000M\000e\000i\000o\000\050\000\051}{subsection.4.4.2}% 54
\BOOKMARK [3][-]{subsubsection.4.4.2.6}{\376\377\0004\000.\0004\000.\0002\000.\0006\000\040\000e\000x\000i\000s\000t\000e\000P\000e\000d\000i\000d\000o\000\050\000\051}{subsection.4.4.2}% 55
\BOOKMARK [3][-]{subsubsection.4.4.2.7}{\376\377\0004\000.\0004\000.\0002\000.\0007\000\040\000g\000u\000a\000r\000d\000a\000r\000M\000e\000i\000o\000s\000\050\000\051}{subsection.4.4.2}% 56
\BOOKMARK [3][-]{subsubsection.4.4.2.8}{\376\377\0004\000.\0004\000.\0002\000.\0008\000\040\000g\000u\000a\000r\000d\000a\000r\000P\000e\000d\000i\000d\000o\000s\000\050\000\051}{subsection.4.4.2}% 57
\BOOKMARK [3][-]{subsubsection.4.4.2.9}{\376\377\0004\000.\0004\000.\0002\000.\0009\000\040\000i\000n\000s\000e\000r\000t\000M\000e\000i\000o\000\050\000\051}{subsection.4.4.2}% 58
\BOOKMARK [3][-]{subsubsection.4.4.2.10}{\376\377\0004\000.\0004\000.\0002\000.\0001\0000\000\040\000i\000n\000s\000e\000r\000t\000P\000e\000d\000i\000d\000o\000\050\000\051}{subsection.4.4.2}% 59
\BOOKMARK [3][-]{subsubsection.4.4.2.11}{\376\377\0004\000.\0004\000.\0002\000.\0001\0001\000\040\000i\000n\000t\000e\000r\000f\000a\000c\000e\000P\000r\000i\000n\000c\000i\000p\000a\000l\000\050\000\051}{subsection.4.4.2}% 60
\BOOKMARK [3][-]{subsubsection.4.4.2.12}{\376\377\0004\000.\0004\000.\0002\000.\0001\0002\000\040\000l\000e\000r\000M\000e\000i\000o\000s\000\050\000\051}{subsection.4.4.2}% 61
\BOOKMARK [3][-]{subsubsection.4.4.2.13}{\376\377\0004\000.\0004\000.\0002\000.\0001\0003\000\040\000l\000e\000r\000P\000e\000d\000i\000d\000o\000s\000\050\000\051}{subsection.4.4.2}% 62
\BOOKMARK [3][-]{subsubsection.4.4.2.14}{\376\377\0004\000.\0004\000.\0002\000.\0001\0004\000\040\000l\000i\000s\000t\000a\000r\000P\000l\000a\000n\000o\000M\000e\000i\000o\000\050\000\051}{subsection.4.4.2}% 63
\BOOKMARK [3][-]{subsubsection.4.4.2.15}{\376\377\0004\000.\0004\000.\0002\000.\0001\0005\000\040\000m\000e\000n\000u\000M\000e\000i\000o\000\050\000\051}{subsection.4.4.2}% 64
\BOOKMARK [3][-]{subsubsection.4.4.2.16}{\376\377\0004\000.\0004\000.\0002\000.\0001\0006\000\040\000m\000e\000n\000u\000P\000e\000d\000i\000d\000o\000\050\000\051}{subsection.4.4.2}% 65
\BOOKMARK [3][-]{subsubsection.4.4.2.17}{\376\377\0004\000.\0004\000.\0002\000.\0001\0007\000\040\000m\000e\000n\000u\000P\000r\000i\000n\000c\000i\000p\000a\000l\000\050\000\051}{subsection.4.4.2}% 66
\BOOKMARK [3][-]{subsubsection.4.4.2.18}{\376\377\0004\000.\0004\000.\0002\000.\0001\0008\000\040\000m\000o\000s\000t\000r\000a\000M\000e\000i\000o\000\050\000\051}{subsection.4.4.2}% 67
\BOOKMARK [3][-]{subsubsection.4.4.2.19}{\376\377\0004\000.\0004\000.\0002\000.\0001\0009\000\040\000m\000o\000s\000t\000r\000a\000M\000e\000i\000o\000s\000\050\000\051}{subsection.4.4.2}% 68
\BOOKMARK [3][-]{subsubsection.4.4.2.20}{\376\377\0004\000.\0004\000.\0002\000.\0002\0000\000\040\000m\000o\000s\000t\000r\000a\000P\000e\000d\000i\000d\000o\000\050\000\051}{subsection.4.4.2}% 69
\BOOKMARK [3][-]{subsubsection.4.4.2.21}{\376\377\0004\000.\0004\000.\0002\000.\0002\0001\000\040\000m\000o\000s\000t\000r\000a\000P\000e\000d\000i\000d\000o\000s\000\050\000\051}{subsection.4.4.2}% 70
\BOOKMARK [3][-]{subsubsection.4.4.2.22}{\376\377\0004\000.\0004\000.\0002\000.\0002\0002\000\040\000p\000r\000o\000c\000u\000r\000a\000V\000e\000i\000c\000u\000l\000o\000S\000u\000f\000i\000c\000i\000e\000n\000t\000e\000\050\000\051}{subsection.4.4.2}% 71
\BOOKMARK [3][-]{subsubsection.4.4.2.23}{\376\377\0004\000.\0004\000.\0002\000.\0002\0003\000\040\000r\000e\000m\000o\000v\000e\000r\000M\000e\000i\000o\000\050\000\051}{subsection.4.4.2}% 72
\BOOKMARK [3][-]{subsubsection.4.4.2.24}{\376\377\0004\000.\0004\000.\0002\000.\0002\0004\000\040\000r\000e\000m\000o\000v\000e\000r\000P\000e\000d\000i\000d\000o\000\050\000\051}{subsection.4.4.2}% 73
\BOOKMARK [3][-]{subsubsection.4.4.2.25}{\376\377\0004\000.\0004\000.\0002\000.\0002\0005\000\040\000v\000e\000r\000i\000f\000i\000c\000a\000A\000u\000t\000o\000n\000o\000m\000i\000a\000\050\000\051}{subsection.4.4.2}% 74
\BOOKMARK [1][-]{section.4.5}{\376\377\0004\000.\0005\000\040\000F\000u\000n\000c\000o\000e\000s\000.\000h}{chapter.4}% 75
\BOOKMARK [1][-]{section.4.6}{\376\377\0004\000.\0006\000\040\000m\000a\000i\000n\000.\000c\000\040\000F\000i\000l\000e\000\040\000R\000e\000f\000e\000r\000e\000n\000c\000e}{chapter.4}% 76
\BOOKMARK [2][-]{subsection.4.6.1}{\376\377\0004\000.\0006\000.\0001\000\040\000D\000e\000t\000a\000i\000l\000e\000d\000\040\000D\000e\000s\000c\000r\000i\000p\000t\000i\000o\000n}{section.4.6}% 77
\BOOKMARK [2][-]{subsection.4.6.2}{\376\377\0004\000.\0006\000.\0002\000\040\000F\000u\000n\000c\000t\000i\000o\000n\000\040\000D\000o\000c\000u\000m\000e\000n\000t\000a\000t\000i\000o\000n}{section.4.6}% 78
\BOOKMARK [3][-]{subsubsection.4.6.2.1}{\376\377\0004\000.\0006\000.\0002\000.\0001\000\040\000m\000a\000i\000n\000\050\000\051}{subsection.4.6.2}% 79
\BOOKMARK [0][-]{section*.10}{\376\377\000I\000n\000d\000e\000x}{}% 80
